<?xml version="1.0" encoding="UTF-8"?>
<!-- Generated by org.testng.reporters.JUnitReportReporter -->
<testsuite hostname="RUSHI" failures="0" tests="1" name="TestNgStudy.AnnoTationStudy1" time="0.009" errors="0" timestamp="2022-06-23T21:30:37 IST" skipped="0">
  <testcase classname="TestNgStudy.AnnoTationStudy1" name="rechargePhone" time="0.009"/>
  <system-out>
    <![CDATA[Recharge done]]>
  </system-out>
</testsuite> <!-- TestNgStudy.AnnoTationStudy1 -->
