<?xml version="1.0" encoding="UTF-8"?>
<!-- Generated by org.testng.reporters.JUnitReportReporter -->
<testsuite hostname="RUSHI" failures="0" tests="2" name="TestNgStudy.AnnoTationStudy" time="0.009" errors="0" timestamp="2022-06-23T21:30:37 IST" skipped="0">
  <testcase classname="TestNgStudy.AnnoTationStudy" name="validateUserID" time="0.005"/>
  <system-out>
    <![CDATA[User ID Validated]]>
  </system-out>
  <testcase classname="TestNgStudy.AnnoTationStudy" name="validateDashBoard" time="0.004"/>
  <system-out>
    <![CDATA[DashBoard Validated]]>
  </system-out>
</testsuite> <!-- TestNgStudy.AnnoTationStudy -->
