<?xml version="1.0" encoding="UTF-8"?>
<!-- Generated by org.testng.reporters.JUnitReportReporter -->
<testsuite hostname="RUSHI" failures="0" tests="1" name="TestNgSerialAndParallel.MyClass2" time="1.899" errors="0" timestamp="2022-07-01T16:42:16 IST" skipped="0">
  <testcase classname="TestNgSerialAndParallel.MyClass2" name="myMethod" time="1.899"/>
  <system-out/>
</testsuite> <!-- TestNgSerialAndParallel.MyClass2 -->
