<?xml version="1.0" encoding="UTF-8"?>
<!-- Generated by org.testng.reporters.JUnitReportReporter -->
<testsuite hostname="RUSHI" failures="0" tests="3" name="TestNgKeywords.EnabledUse" time="0.014" errors="0" timestamp="2022-06-23T22:11:27 IST" skipped="1">
  <testcase classname="TestNgKeywords.EnabledUse" name="d" time="0.013"/>
  <system-out>
    <![CDATA[d is running]]>
  </system-out>
  <testcase classname="TestNgKeywords.EnabledUse" name="v" time="0.001"/>
  <system-out>
    <![CDATA[v is running]]>
  </system-out>
  <testcase classname="TestNgKeywords.EnabledUse" name="a">
    <skipped/>
  </testcase> <!-- a -->
  <system-out/>
</testsuite> <!-- TestNgKeywords.EnabledUse -->
