<?xml version="1.0" encoding="UTF-8"?>
<!-- Generated by org.testng.reporters.JUnitReportReporter -->
<testsuite hostname="RUSHI" failures="0" tests="4" name="TestNgKeywords.MethodsDependsOnUse" time="0.012" errors="0" timestamp="2022-07-07T22:13:19 IST" skipped="0">
  <testcase classname="TestNgKeywords.MethodsDependsOnUse" name="a" time="0.001"/>
  <system-out>
    <![CDATA[a is running]]>
  </system-out>
  <testcase classname="TestNgKeywords.MethodsDependsOnUse" name="d" time="0.001"/>
  <system-out>
    <![CDATA[d is running]]>
  </system-out>
  <testcase classname="TestNgKeywords.MethodsDependsOnUse" name="v" time="0.001"/>
  <system-out>
    <![CDATA[v is running]]>
  </system-out>
  <testcase classname="TestNgKeywords.MethodsDependsOnUse" name="d" time="0.009"/>
  <system-out>
    <![CDATA[d is running]]>
  </system-out>
</testsuite> <!-- TestNgKeywords.MethodsDependsOnUse -->
