<?xml version="1.0" encoding="UTF-8"?>
<!-- Generated by org.testng.reporters.JUnitReportReporter -->
<testsuite hostname="RUSHI" failures="0" tests="2" name="TestNgStudy.MyTestClass" time="36.978" errors="0" timestamp="2022-06-22T16:01:25 IST" skipped="0">
  <testcase classname="TestNgStudy.MyTestClass" name="myMethod" time="32.979"/>
  <system-out>
    <![CDATA[hi]]>
  </system-out>
  <testcase classname="TestNgStudy.MyTestClass" name="myMethod1" time="3.999"/>
  <system-out/>
</testsuite> <!-- TestNgStudy.MyTestClass -->
