<?xml version="1.0" encoding="UTF-8"?>
<!-- Generated by org.testng.reporters.JUnitReportReporter -->
<testsuite hostname="RUSHI" failures="0" tests="2" name="TestNgKeywords.InvocationCcount" time="0.014" errors="0" timestamp="2022-06-23T21:50:12 IST" skipped="0">
  <testcase classname="TestNgKeywords.InvocationCcount" name="myTest" time="0.012"/>
  <system-out>
    <![CDATA[Hello]]>
  </system-out>
  <testcase classname="TestNgKeywords.InvocationCcount" name="myTest" time="0.002"/>
  <system-out>
    <![CDATA[Hello]]>
  </system-out>
</testsuite> <!-- TestNgKeywords.InvocationCcount -->
