<?xml version="1.0" encoding="UTF-8"?>
<!-- Generated by org.testng.reporters.JUnitReportReporter -->
<testsuite hostname="RUSHI" failures="0" tests="1" name="crossbrowserTest.FirefoxTest" time="7.893" errors="0" timestamp="2022-07-01T16:38:56 IST" skipped="0">
  <testcase classname="crossbrowserTest.FirefoxTest" name="myMethod" time="7.893"/>
  <system-out/>
</testsuite> <!-- crossbrowserTest.FirefoxTest -->
