<?xml version="1.0" encoding="UTF-8"?>
<!-- Generated by org.testng.reporters.JUnitReportReporter -->
<testsuite hostname="RUSHI" failures="0" tests="3" name="TestNgKeywords.PriorityUse" time="0.011" errors="0" timestamp="2022-06-23T22:04:54 IST" skipped="0">
  <testcase classname="TestNgKeywords.PriorityUse" name="d" time="0.009"/>
  <system-out>
    <![CDATA[d is running]]>
  </system-out>
  <testcase classname="TestNgKeywords.PriorityUse" name="v" time="0.001"/>
  <system-out>
    <![CDATA[v is running]]>
  </system-out>
  <testcase classname="TestNgKeywords.PriorityUse" name="a" time="0.001"/>
  <system-out>
    <![CDATA[a is running]]>
  </system-out>
</testsuite> <!-- TestNgKeywords.PriorityUse -->
