<?xml version="1.0" encoding="UTF-8"?>
<!-- Generated by org.testng.reporters.JUnitReportReporter -->
<testsuite hostname="RUSHI" failures="0" tests="3" name="TestNgIncludeExclude.Include" time="0.015" errors="0" timestamp="2022-06-23T22:37:07 IST" skipped="0">
  <testcase classname="TestNgIncludeExclude.Include" name="a" time="0.014"/>
  <system-out>
    <![CDATA[a is running]]>
  </system-out>
  <testcase classname="TestNgIncludeExclude.Include" name="d" time="0.000"/>
  <system-out>
    <![CDATA[d is running]]>
  </system-out>
  <testcase classname="TestNgIncludeExclude.Include" name="v" time="0.001"/>
  <system-out>
    <![CDATA[v is running]]>
  </system-out>
</testsuite> <!-- TestNgIncludeExclude.Include -->
