<?xml version="1.0" encoding="UTF-8"?>
<!-- Generated by org.testng.reporters.JUnitReportReporter -->
<testsuite hostname="RUSHI" failures="0" tests="1" name="TestNgSerialAndParallel.MyClass1" time="4.475" errors="0" timestamp="2022-07-01T16:42:16 IST" skipped="0">
  <testcase classname="TestNgSerialAndParallel.MyClass1" name="myMethod" time="4.475"/>
  <system-out/>
</testsuite> <!-- TestNgSerialAndParallel.MyClass1 -->
